TN:
SF:dist/index.ts
FN:17,required
FN:22,minLength
FN:27,maxLength
FN:32,maxValue
FN:37,minValue
FN:42,email
FN:47,numeric
FN:52,alpha
FN:57,alphaNum
FN:62,between
FN:67,ipAddress
FN:73,useValidate
FN:122,useValidateObject
FNF:13
FNH:11
FNDA:3,required
FNDA:4,minLength
FNDA:4,maxLength
FNDA:5,maxValue
FNDA:5,minValue
FNDA:7,email
FNDA:2,numeric
FNDA:4,alpha
FNDA:4,alphaNum
FNDA:5,between
FNDA:9,ipAddress
FNDA:0,useValidate
FNDA:0,useValidateObject
DA:1,1
DA:2,1
DA:3,1
DA:4,1
DA:5,1
DA:6,1
DA:7,1
DA:8,1
DA:9,1
DA:10,1
DA:11,1
DA:12,1
DA:13,1
DA:14,1
DA:15,1
DA:16,1
DA:17,1
DA:18,1
DA:19,1
DA:20,1
DA:21,1
DA:22,1
DA:23,1
DA:24,1
DA:25,1
DA:26,1
DA:27,1
DA:28,1
DA:29,1
DA:30,1
DA:31,1
DA:32,1
DA:33,1
DA:34,1
DA:35,1
DA:36,1
DA:37,1
DA:38,1
DA:39,1
DA:40,1
DA:41,1
DA:42,1
DA:43,1
DA:44,1
DA:45,1
DA:46,1
DA:47,1
DA:48,1
DA:49,1
DA:50,1
DA:51,1
DA:52,1
DA:53,1
DA:54,1
DA:55,1
DA:56,1
DA:57,1
DA:58,1
DA:59,1
DA:60,1
DA:61,1
DA:62,1
DA:63,1
DA:64,1
DA:65,1
DA:66,1
DA:67,1
DA:68,1
DA:69,1
DA:70,1
DA:71,1
DA:72,1
DA:73,0
DA:74,0
DA:75,0
DA:76,0
DA:77,0
DA:78,0
DA:79,0
DA:80,0
DA:81,0
DA:82,0
DA:83,0
DA:84,0
DA:85,0
DA:86,0
DA:87,0
DA:88,0
DA:89,0
DA:90,0
DA:91,0
DA:92,0
DA:93,0
DA:94,0
DA:95,0
DA:96,0
DA:97,0
DA:98,0
DA:99,0
DA:100,0
DA:101,0
DA:102,0
DA:103,0
DA:104,0
DA:105,0
DA:106,0
DA:107,0
DA:108,0
DA:109,0
DA:110,0
DA:111,0
DA:112,0
DA:113,0
DA:114,0
DA:115,0
DA:116,0
DA:117,0
DA:118,1
DA:119,1
DA:120,1
DA:121,1
DA:122,0
DA:123,0
DA:124,0
DA:125,0
DA:126,0
DA:127,0
DA:128,0
DA:129,0
DA:130,0
DA:131,0
DA:132,0
DA:133,0
DA:134,0
DA:135,0
DA:136,0
DA:137,0
DA:138,0
DA:139,0
DA:140,0
DA:141,0
DA:142,0
DA:143,0
DA:144,0
DA:145,0
DA:146,0
DA:147,0
DA:148,0
DA:149,0
DA:150,1
DA:151,1
LF:151
LH:78
BRDA:17,0,0,3
BRDA:22,1,0,4
BRDA:27,2,0,4
BRDA:32,3,0,5
BRDA:37,4,0,5
BRDA:42,5,0,7
BRDA:47,6,0,2
BRDA:52,7,0,4
BRDA:57,8,0,4
BRDA:62,9,0,5
BRDA:62,10,0,3
BRDA:67,11,0,9
BRF:12
BRH:12
end_of_record
